<?xml version="1.0" encoding="UTF-8"?>
<!-- Generated by org.testng.reporters.JUnitXMLReporter -->
<testsuite ignored="0" hostname="Chandrahasa" failures="0" tests="2" name="Default test" time="38.735" errors="0" timestamp="2023-02-26T14:12:21 IST">
  <testcase classname="com.ibm.testproject.servicenow.tests.ServiceNow" name="testServiceNowLoginNegative" time="11.718"/>
  <testcase classname="com.ibm.testproject.servicenow.tests.ServiceNow" name="testServiceNowLoginPositive" time="19.649"/>
</testsuite> <!-- Default test -->
