<?xml version="1.0" encoding="UTF-8"?>
<!-- Generated by org.testng.reporters.JUnitXMLReporter -->
<testsuite ignored="0" hostname="Chandrahasa" failures="0" tests="3" name="Test" time="53.914" errors="0" timestamp="2023-02-26T14:23:52 IST">
  <testcase classname="com.ibm.testproject.servicenow.tests.ServiceNow" name="testServiceNowLoginNegative" time="12.405"/>
  <testcase classname="com.ibm.testproject.servicenow.tests.ServiceNow" name="testServiceNowLoginPositive" time="19.239"/>
  <testcase classname="com.ibm.testproject.saucedemo.tests.Saucedemo" name="testSauceLab" time="15.357"/>
</testsuite> <!-- Test -->
