<?xml version="1.0" encoding="UTF-8"?>
<testng-results ignored="0" total="1" passed="1" failed="0" skipped="0">
  <reporter-output>
  </reporter-output>
  <suite started-at="2023-02-26T13:29:47 IST" name="Default suite" finished-at="2023-02-26T13:30:07 IST" duration-ms="20126">
    <groups>
    </groups>
    <test started-at="2023-02-26T13:29:47 IST" name="Default test" finished-at="2023-02-26T13:30:07 IST" duration-ms="20126">
      <class name="com.ibm.trestproject.servicenow.tests.ServiceNow">
        <test-method is-config="true" signature="initialize()[pri:0, instance:com.ibm.trestproject.servicenow.tests.ServiceNow@550dbc7a]" started-at="2023-02-26T13:29:39 IST" name="initialize" finished-at="2023-02-26T13:29:47 IST" duration-ms="7514" status="PASS">
          <reporter-output>
          </reporter-output>
        </test-method> <!-- initialize -->
        <test-method signature="testServiceNowLoginPositive()[pri:0, instance:com.ibm.trestproject.servicenow.tests.ServiceNow@550dbc7a]" started-at="2023-02-26T13:29:47 IST" name="testServiceNowLoginPositive" finished-at="2023-02-26T13:30:07 IST" duration-ms="20083" status="PASS">
          <reporter-output>
          </reporter-output>
        </test-method> <!-- testServiceNowLoginPositive -->
        <test-method is-config="true" signature="TeardownTest()[pri:0, instance:com.ibm.trestproject.servicenow.tests.ServiceNow@550dbc7a]" started-at="2023-02-26T13:30:07 IST" name="TeardownTest" finished-at="2023-02-26T13:30:07 IST" duration-ms="232" status="PASS">
          <reporter-output>
          </reporter-output>
        </test-method> <!-- TeardownTest -->
      </class> <!-- com.ibm.trestproject.servicenow.tests.ServiceNow -->
    </test> <!-- Default test -->
  </suite> <!-- Default suite -->
</testng-results>
