<?xml version="1.0" encoding="UTF-8"?>
<testng-results ignored="0" total="1" passed="1" failed="0" skipped="0">
  <reporter-output>
  </reporter-output>
  <suite started-at="2023-02-25T21:16:20 IST" name="Default suite" finished-at="2023-02-25T21:16:35 IST" duration-ms="15301">
    <groups>
    </groups>
    <test started-at="2023-02-25T21:16:20 IST" name="Default test" finished-at="2023-02-25T21:16:35 IST" duration-ms="15301">
      <class name="com.ibm.testproject.saucedemo.Saucedemo">
        <test-method is-config="true" signature="initialize()[pri:0, instance:com.ibm.testproject.saucedemo.Saucedemo@550dbc7a]" started-at="2023-02-25T21:16:18 IST" name="initialize" finished-at="2023-02-25T21:16:20 IST" duration-ms="1659" status="PASS">
          <reporter-output>
          </reporter-output>
        </test-method> <!-- initialize -->
        <test-method signature="testSauceLab()[pri:1, instance:com.ibm.testproject.saucedemo.Saucedemo@550dbc7a]" started-at="2023-02-25T21:16:20 IST" name="testSauceLab" finished-at="2023-02-25T21:16:35 IST" duration-ms="15255" status="PASS">
          <reporter-output>
          </reporter-output>
        </test-method> <!-- testSauceLab -->
        <test-method is-config="true" signature="TeardownTest()[pri:0, instance:com.ibm.testproject.saucedemo.Saucedemo@550dbc7a]" started-at="2023-02-25T21:16:35 IST" name="TeardownTest" finished-at="2023-02-25T21:16:35 IST" duration-ms="216" status="PASS">
          <reporter-output>
          </reporter-output>
        </test-method> <!-- TeardownTest -->
      </class> <!-- com.ibm.testproject.saucedemo.Saucedemo -->
    </test> <!-- Default test -->
  </suite> <!-- Default suite -->
</testng-results>
